<?xml version="1.0" encoding="UTF-8"?>
<testsuite xmlns:xsi="http://www.w3.org/2001/XMLSchema-instance" xsi:noNamespaceSchemaLocation="https://maven.apache.org/surefire/maven-surefire-plugin/xsd/surefire-test-report.xsd" name="user.UserLoginTests" time="2.644" tests="3" errors="0" skipped="0" failures="0">
  <properties>
[...]
</properties>
  <testcase name="loginIncorrectEmailTest" classname="user.UserLoginTests" time="0.738"/>
  <testcase name="loginIncorrectPassTest" classname="user.UserLoginTests" time="1.086"/>
  <testcase name="loginUnderAnExistingUserTest" classname="user.UserLoginTests" time="0.815"/>
</testsuite>